************************************************************
** TRNSIDF Version 1.55 
** Working directory: C:\Users\ank\Desktop\Haus der Musik Innsbruck\TRNSYS Gebäudemodell\ 
************************************************************
** Reading IDF file: C:\Users\ank\Desktop\Haus der Musik Innsbruck\TRNSYS Gebäudemodell\160210_HDM_r01.idf
** Closing IDF file: C:\Users\ank\Desktop\Haus der Musik Innsbruck\TRNSYS Gebäudemodell\160210_HDM_r01.idf
************************************************************
** Reading presorted IDF file: C:\Users\ank\Desktop\Haus der Musik Innsbruck\TRNSYS Gebäudemodell\160210_HDM_r01_b17.idf
** Closing IDF file: C:\Users\ank\Desktop\Haus der Musik Innsbruck\TRNSYS Gebäudemodell\160210_HDM_r01_b17.idf
************************************************************
** Calculation of geometry information start
Surface : Normal vector : Orientation : Area
    16        done           done       done
    11        done           done       done
    14        done           done       done
     8        done           done       done
     5        done           done       done
    21        done           done       done
    12        done           done       done
     1        done           done       done
    22        done           done       done
     6        done           done       done
    18        done           done       done
    20        done           done       done
    78        done           done       done
    17        done           done       done
     2        done           done       done
   121        done           done       done
     7        done           done       done
    10        done           done       done
    19        done           done       done
   122        done           done       done
    13        done           done       done
   123        done           done       done
     3        done           done       done
     9        done           done       done
     4        done           done       done
    84        done           done       done
    31        done           done       done
    29        done           done       done
   124        done           done       done
    49        done           done       done
   125        done           done       done
    23        done           done       done
    47        done           done       done
    37        done           done       done
    43        done           done       done
   126        done           done       done
    39        done           done       done
    41        done           done       done
    45        done           done       done
   127        done           done       done
    25        done           done       done
    83        done           done       done
    42        done           done       done
    46        done           done       done
    44        done           done       done
    27        done           done       done
    81        done           done       done
    82        done           done       done
    79        done           done       done
   128        done           done       done
    26        done           done       done
    80        done           done       done
    48        done           done       done
    50        done           done       done
   129        done           done       done
   130        done           done       done
    30        done           done       done
    28        done           done       done
    40        done           done       done
   131        done           done       done
    85        done           done       done
    38        done           done       done
    34        done           done       done
    55        done           done       done
    57        done           done       done
    58        done           done       done
    62        done           done       done
    61        done           done       done
    64        done           done       done
    52        done           done       done
    51        done           done       done
    65        done           done       done
    60        done           done       done
    63        done           done       done
    56        done           done       done
    54        done           done       done
    59        done           done       done
    53        done           done       done
    71        done           done       done
    89        done           done       done
    73        done           done       done
    76        done           done       done
   132        done           done       done
    87        done           done       done
    77        done           done       done
    68        done           done       done
   133        done           done       done
    86        done           done       done
    69        done           done       done
   134        done           done       done
    70        done           done       done
    88        done           done       done
   135        done           done       done
   136        done           done       done
    90        done           done       done
   102        done           done       done
    93        done           done       done
   101        done           done       done
   104        done           done       done
    96        done           done       done
    98        done           done       done
   103        done           done       done
    91        done           done       done
    97        done           done       done
   100        done           done       done
   137        done           done       done
    94        done           done       done
   138        done           done       done
    95        done           done       done
   139        done           done       done
    99        done           done       done
    92        done           done       done
   140        done           done       done
   141        done           done       done
   142        done           done       done
   143        done           done       done
   115        done           done       done
   144        done           done       done
   107        done           done       done
   145        done           done       done
   152        done           done       done
   146        done           done       done
   153        done           done       done
   147        done           done       done
   148        done           done       done
   149        done           done       done
   150        done           done       done
   112        done           done       done
   108        done           done       done
   151        done           done       done
   111        done           done       done
   118        done           done       done
   154        done           done       done
   119        done           done       done
   116        done           done       done
   120        done           done       done
   155        done           done       done
   117        done           done       done
   156        done           done       done
   157        done           done       done
   164        done           done       done
   158        done           done       done
   163        done           done       done
   159        done           done       done
   160        done           done       done
   161        done           done       done
   162        done           done       done
   165        done           done       done
   166        done           done       done
   186        done           done       done
   187        done           done       done
   167        done           done       done
   168        done           done       done
   169        done           done       done
   170        done           done       done
   171        done           done       done
   172        done           done       done
   189        done           done       done
   173        done           done       done
   174        done           done       done
   175        done           done       done
   188        done           done       done
   176        done           done       done
   177        done           done       done
   178        done           done       done
   179        done           done       done
   180        done           done       done
   181        done           done       done
   182        done           done       done
   183        done           done       done
   184        done           done       done
   185        done           done       done
   190        done           done       done
   191        done           done       done
   192        done           done       done
   193        done           done       done
   204        done           done       done
   205        done           done       done
   206        done           done       done
   194        done           done       done
   195        done           done       done
   196        done           done       done
   197        done           done       done
   198        done           done       done
   199        done           done       done
   200        done           done       done
   201        done           done       done
   202        done           done       done
   203        done           done       done
   207        done           done       done
   208        done           done       done
   209        done           done       done
   210        done           done       done
   211        done           done       done
   212        done           done       done
   213        done           done       done
   214        done           done       done
   220        done           done       done
   215        done           done       done
   216        done           done       done
   217        done           done       done
   218        done           done       done
   219        done           done       done
   221        done           done       done
   222        done           done       done
   223        done           done       done
   224        done           done       done
   225        done           done       done
   226        done           done       done
   227        done           done       done
   228        done           done       done
   229        done           done       done
   230        done           done       done
   231        done           done       done
   232        done           done       done
   233        done           done       done
   234        done           done       done
   235        done           done       done
   246        done           done       done
   248        done           done       done
   236        done           done       done
   237        done           done       done
   238        done           done       done
   239        done           done       done
   240        done           done       done
   241        done           done       done
   247        done           done       done
   242        done           done       done
   243        done           done       done
   244        done           done       done
   245        done           done       done
   249        done           done       done
   250        done           done       done
   251        done           done       done
   252        done           done       done
   253        done           done       done
   254        done           done       done
   261        done           done       done
   255        done           done       done
   256        done           done       done
   258        done           done       done
   259        done           done       done
   260        done           done       done
   257        done           done       done
   262        done           done       done
   263        done           done       done
   264        done           done       done
   265        done           done       done
   266        done           done       done
   267        done           done       done
   268        done           done       done
   269        done           done       done
   270        done           done       done
   271        done           done       done
   272        done           done       done
   273        done           done       done
   274        done           done       done
   275        done           done       done
   277        done           done       done
   276        done           done       done
   278        done           done       done
   279        done           done       done
   280        done           done       done
   281        done           done       done
   282        done           done       done
   283        done           done       done
   284        done           done       done
   285        done           done       done
   286        done           done       done
   299        done           done       done
   287        done           done       done
   288        done           done       done
   289        done           done       done
   290        done           done       done
   296        done           done       done
   301        done           done       done
   291        done           done       done
   292        done           done       done
   293        done           done       done
   294        done           done       done
   298        done           done       done
   295        done           done       done
   297        done           done       done
   300        done           done       done
   302        done           done       done
   303        done           done       done
   304        done           done       done
   305        done           done       done
   306        done           done       done
   307        done           done       done
   308        done           done       done
   309        done           done       done
   310        done           done       done
   315        done           done       done
   311        done           done       done
   312        done           done       done
   313        done           done       done
   314        done           done       done
   316        done           done       done
   329        done           done       done
   317        done           done       done
   328        done           done       done
   330        done           done       done
   335        done           done       done
   318        done           done       done
   319        done           done       done
   333        done           done       done
   320        done           done       done
   334        done           done       done
   321        done           done       done
   322        done           done       done
   323        done           done       done
   324        done           done       done
   332        done           done       done
   325        done           done       done
   326        done           done       done
   327        done           done       done
   331        done           done       done
   336        done           done       done
   337        done           done       done
   338        done           done       done
   339        done           done       done
   364        done           done       done
   340        done           done       done
   341        done           done       done
   342        done           done       done
   355        done           done       done
   343        done           done       done
   359        done           done       done
   365        done           done       done
   344        done           done       done
   362        done           done       done
   345        done           done       done
   363        done           done       done
   346        done           done       done
   347        done           done       done
   361        done           done       done
   348        done           done       done
   349        done           done       done
   358        done           done       done
   350        done           done       done
   356        done           done       done
   351        done           done       done
   352        done           done       done
   360        done           done       done
   353        done           done       done
   357        done           done       done
   354        done           done       done
   366        done           done       done
   367        done           done       done
   368        done           done       done
   369        done           done       done
   370        done           done       done
   371        done           done       done
** Calculation of geometry information end
************************************************************
** Writing B17 file: C:\Users\ank\Desktop\Haus der Musik Innsbruck\TRNSYS Gebäudemodell\160210_HDM_r01.b17
** Reading BUI template: NewBuiTemplate.b17
************************************************************
** New orientations (set to internal radiation calculation): 
