************************************************************
** TRNSIDF Version 1.55 
** Working directory: C:\Users\ank\Desktop\ 
************************************************************
** Reading IDF file: C:\Users\ank\Desktop\Haus_der_Musik.idf
** Closing IDF file: C:\Users\ank\Desktop\Haus_der_Musik.idf
************************************************************
** Reading presorted IDF file: C:\Users\ank\Desktop\Haus_der_Musik_b17.idf
** Closing IDF file: C:\Users\ank\Desktop\Haus_der_Musik_b17.idf
************************************************************
** Calculation of geometry information start
Surface : Normal vector : Orientation : Area
     1        done           done       done
     2        done           done       done
     3        done           done       done
     4        done           done       done
     5        done           done       done
     6        done           done       done
     7        done           done       done
     8        done           done       done
     9        done           done       done
    10        done           done       done
    11        done           done       done
    12        done           done       done
    13        done           done       done
    14        done           done       done
    15        done           done       done
    16        done           done       done
    17        done           done       done
    18        done           done       done
    19        done           done       done
    20        done           done       done
    21        done           done       done
** Calculation of geometry information end
************************************************************
** Writing B17 file: C:\Users\ank\Desktop\Haus_der_Musik.b17
** Reading BUI template: NewBuiTemplate.b17
************************************************************
** New orientations (set to internal radiation calculation): S_0_90 W_90_90 N_180_90 E_270_90
************************************************************
** Closing BUI template: NewBuiTemplate.b17
** Closing B17 File: C:\Users\ank\Desktop\Haus_der_Musik.b17
